Using pre-set license
Built from '2020.3/release' branch; Version is '2020.3.27f1 (e759542391ea) revision 15161684'; Using compiler version '192528614'; Build Type 'Release'
OS: 'Windows 10  (10.0.19043) 64bit Core' Language: 'en' Physical Memory: 16318 MB
BatchMode: 1, IsHumanControllingUs: 0, StartBugReporterOnCrash: 0, Is64bit: 1, IsPro: 0

COMMAND LINE ARGUMENTS:
D:\2020.3.27f1\Editor\Unity.exe
-adb2
-batchMode
-noUpm
-name
AssetImportWorker0
-projectPath
D:/Unity Projects/Henchfolk/Henchfolk (Unity)
-logFile
Logs/AssetImportWorker0.log
-srvPort
62731
Successfully changed project path to: D:/Unity Projects/Henchfolk/Henchfolk (Unity)
D:/Unity Projects/Henchfolk/Henchfolk (Unity)
Using Asset Import Pipeline V2.
Refreshing native plugins compatible for Editor in 74.71 ms, found 7 plugins.
Preloading 0 native plugins for Editor in 0.00 ms.
Initialize engine version: 2020.3.27f1 (e759542391ea)
[Subsystems] Discovering subsystems at path D:/2020.3.27f1/Editor/Data/Resources/UnitySubsystems
[Subsystems] Discovering subsystems at path D:/Unity Projects/Henchfolk/Henchfolk (Unity)/Assets
GfxDevice: creating device client; threaded=0
Direct3D:
    Version:  Direct3D 11.0 [level 11.1]
    Renderer: NVIDIA GeForce GTX 1070 (ID=0x1b81)
    Vendor:   
    VRAM:     8088 MB
    Driver:   27.21.14.6109
Initialize mono
Mono path[0] = 'D:/2020.3.27f1/Editor/Data/Managed'
Mono path[1] = 'D:/2020.3.27f1/Editor/Data/MonoBleedingEdge/lib/mono/unityjit'
Mono config path = 'D:/2020.3.27f1/Editor/Data/MonoBleedingEdge/etc'
Using monoOptions --debugger-agent=transport=dt_socket,embedding=1,server=y,suspend=n,address=127.0.0.1:56904
Begin MonoManager ReloadAssembly
Registering precompiled unity dll's ...
Register platform support module: D:/2020.3.27f1/Editor/Data/PlaybackEngines/WebGLSupport/UnityEditor.WebGL.Extensions.dll
Register platform support module: D:/2020.3.27f1/Editor/Data/PlaybackEngines/WindowsStandaloneSupport/UnityEditor.WindowsStandalone.Extensions.dll
Registered in 0.001661 seconds.
Native extension for WindowsStandalone target not found
Native extension for WebGL target not found
Refreshing native plugins compatible for Editor in 65.70 ms, found 7 plugins.
Preloading 0 native plugins for Editor in 0.00 ms.
Mono: successfully reloaded assembly
- Completed reload, in  0.615 seconds
Domain Reload Profiling:
	ReloadAssembly (615ms)
		BeginReloadAssembly (78ms)
			ExecutionOrderSort (0ms)
			DisableScriptedObjects (0ms)
			BackupInstance (0ms)
			ReleaseScriptingObjects (0ms)
			CreateAndSetChildDomain (1ms)
		EndReloadAssembly (470ms)
			LoadAssemblies (78ms)
			RebuildTransferFunctionScriptingTraits (0ms)
			SetupTypeCache (151ms)
			ReleaseScriptCaches (0ms)
			RebuildScriptCaches (32ms)
			SetupLoadedEditorAssemblies (187ms)
				LogAssemblyErrors (0ms)
				InitializePlatformSupportModulesInManaged (5ms)
				SetLoadedEditorAssemblies (0ms)
				RefreshPlugins (66ms)
				BeforeProcessingInitializeOnLoad (10ms)
				ProcessInitializeOnLoadAttributes (80ms)
				ProcessInitializeOnLoadMethodAttributes (26ms)
				AfterProcessingInitializeOnLoad (0ms)
				EditorAssembliesLoaded (0ms)
			ExecutionOrderSort2 (0ms)
			AwakeInstancesAfterBackupRestoration (0ms)
Platform modules already initialized, skipping
Registering precompiled user dll's ...
Registered in 0.024154 seconds.
Begin MonoManager ReloadAssembly
Native extension for WindowsStandalone target not found
Native extension for WebGL target not found
Refreshing native plugins compatible for Editor in 64.17 ms, found 7 plugins.
Preloading 0 native plugins for Editor in 0.00 ms.
Mono: successfully reloaded assembly
- Completed reload, in  1.459 seconds
Domain Reload Profiling:
	ReloadAssembly (1460ms)
		BeginReloadAssembly (178ms)
			ExecutionOrderSort (0ms)
			DisableScriptedObjects (5ms)
			BackupInstance (0ms)
			ReleaseScriptingObjects (0ms)
			CreateAndSetChildDomain (17ms)
		EndReloadAssembly (1229ms)
			LoadAssemblies (161ms)
			RebuildTransferFunctionScriptingTraits (0ms)
			SetupTypeCache (496ms)
			ReleaseScriptCaches (1ms)
			RebuildScriptCaches (63ms)
			SetupLoadedEditorAssemblies (417ms)
				LogAssemblyErrors (0ms)
				InitializePlatformSupportModulesInManaged (4ms)
				SetLoadedEditorAssemblies (0ms)
				RefreshPlugins (64ms)
				BeforeProcessingInitializeOnLoad (73ms)
				ProcessInitializeOnLoadAttributes (257ms)
				ProcessInitializeOnLoadMethodAttributes (17ms)
				AfterProcessingInitializeOnLoad (2ms)
				EditorAssembliesLoaded (0ms)
			ExecutionOrderSort2 (0ms)
			AwakeInstancesAfterBackupRestoration (4ms)
Platform modules already initialized, skipping
========================================================================
Worker process is ready to serve import requests
Launched and connected shader compiler UnityShaderCompiler.exe after 0.05 seconds
Refreshing native plugins compatible for Editor in 0.93 ms, found 7 plugins.
Preloading 0 native plugins for Editor in 0.00 ms.
Unloading 3775 Unused Serialized files (Serialized files now loaded: 0)
System memory in use before: 140.1 MB.
System memory in use after: 140.2 MB.

Unloading 86 unused Assets to reduce memory usage. Loaded Objects now: 4351.
Total: 3.637900 ms (FindLiveObjects: 0.268500 ms CreateObjectMapping: 0.180100 ms MarkObjects: 3.049300 ms  DeleteObjects: 0.139200 ms)

AssetImportParameters requested are different than current active one (requested -> active):
  custom:framework-win-MediaFoundation: 216162199b28c13a410421893ffa2e32 -> 
  custom:video-decoder-ogg-theora: a1e56fd34408186e4bbccfd4996cb3dc -> 
  custom:container-muxer-webm: aa71ff27fc2769a1b78a27578f13a17b -> 
  custom:container-demuxer-webm: 4f35f7cbe854078d1ac9338744f61a02 -> 
  custom:container-demuxer-ogg: 62fdf1f143b41e24485cea50d1cbac27 -> 
  custom:video-encoder-webm-vp8: eb34c28f22e8b96e1ab97ce403110664 -> 
  custom:video-codec-MediaFoundation-h265: 746d11721c4dcdbdad8f713fa42b33f4 -> 
  custom:video-decoder-webm-vp8: 9c59270c3fd7afecdb556c50c9e8de78 -> 
  custom:audio-decoder-ogg-vorbis: bf7c407c2cedff20999df2af8eb42d56 -> 
  custom:audio-encoder-webm-vorbis: bf7c407c2cedff20999df2af8eb42d56 -> 
========================================================================
Received Import Request.
  path: Assets/Sprites/test sprite krastog.png
  artifactKey: Guid(649168839d37de1499f65c3c7c3a4623) Importer(815301076,1909f56bfc062723c751e8b465ee728b)
Start importing Assets/Sprites/test sprite krastog.png using Guid(649168839d37de1499f65c3c7c3a4623) Importer(815301076,1909f56bfc062723c751e8b465ee728b)  -> (artifact id: '962e782a70c37a2cd37df238ed9c15ee') in 0.267230 seconds 
  Import took 0.290534 seconds .

========================================================================
Received Import Request.
  Time since last request: 28.032611 seconds.
  path: Assets/Sprites/test sprite krastog.png
  artifactKey: Guid(649168839d37de1499f65c3c7c3a4623) Importer(815301076,1909f56bfc062723c751e8b465ee728b)
Start importing Assets/Sprites/test sprite krastog.png using Guid(649168839d37de1499f65c3c7c3a4623) Importer(815301076,1909f56bfc062723c751e8b465ee728b)  -> (artifact id: '67b9dea12f95d16835c60fbefb0bed16') in 0.022105 seconds 
  Import took 0.069367 seconds .

========================================================================
Received Import Request.
  Time since last request: 10.837426 seconds.
  path: Assets/Sprites/test sprite krastog.png
  artifactKey: Guid(649168839d37de1499f65c3c7c3a4623) Importer(815301076,1909f56bfc062723c751e8b465ee728b)
Start importing Assets/Sprites/test sprite krastog.png using Guid(649168839d37de1499f65c3c7c3a4623) Importer(815301076,1909f56bfc062723c751e8b465ee728b)  -> (artifact id: '75c33105408ba66133de54f40511cde9') in 0.014927 seconds 
  Import took 0.035232 seconds .

========================================================================
Received Import Request.
  Time since last request: 13.779055 seconds.
  path: Assets/Sprites/test sprite krastog.png
  artifactKey: Guid(649168839d37de1499f65c3c7c3a4623) Importer(815301076,1909f56bfc062723c751e8b465ee728b)
Start importing Assets/Sprites/test sprite krastog.png using Guid(649168839d37de1499f65c3c7c3a4623) Importer(815301076,1909f56bfc062723c751e8b465ee728b)  -> (artifact id: 'b5915343b2dc58763eb6acbb1aa6b5e1') in 0.021475 seconds 
  Import took 0.059475 seconds .

========================================================================
Received Import Request.
  Time since last request: 6.610678 seconds.
  path: Assets/Sprites/test sprite krastog.png
  artifactKey: Guid(649168839d37de1499f65c3c7c3a4623) Importer(815301076,1909f56bfc062723c751e8b465ee728b)
Start importing Assets/Sprites/test sprite krastog.png using Guid(649168839d37de1499f65c3c7c3a4623) Importer(815301076,1909f56bfc062723c751e8b465ee728b)  -> (artifact id: '68815f07d8c6b463a68de45156bd9a0d') in 0.017954 seconds 
  Import took 0.039842 seconds .

========================================================================
Received Import Request.
  Time since last request: 6.691448 seconds.
  path: Assets/Sprites/test sprite krastog.png
  artifactKey: Guid(649168839d37de1499f65c3c7c3a4623) Importer(815301076,1909f56bfc062723c751e8b465ee728b)
Start importing Assets/Sprites/test sprite krastog.png using Guid(649168839d37de1499f65c3c7c3a4623) Importer(815301076,1909f56bfc062723c751e8b465ee728b)  -> (artifact id: 'f116943131ad5b35da5877c1c1f30a35') in 0.016714 seconds 
  Import took 0.047944 seconds .

========================================================================
Received Import Request.
  Time since last request: 14.355646 seconds.
  path: Assets/Sprites/test sprite krastog.png
  artifactKey: Guid(649168839d37de1499f65c3c7c3a4623) Importer(815301076,1909f56bfc062723c751e8b465ee728b)
Start importing Assets/Sprites/test sprite krastog.png using Guid(649168839d37de1499f65c3c7c3a4623) Importer(815301076,1909f56bfc062723c751e8b465ee728b)  -> (artifact id: '0f35be7b07db61650d2ef632de50b089') in 0.018132 seconds 
  Import took 0.040249 seconds .

========================================================================
Received Import Request.
  Time since last request: 4.673457 seconds.
  path: Assets/Sprites/test sprite krastog.png
  artifactKey: Guid(649168839d37de1499f65c3c7c3a4623) Importer(815301076,1909f56bfc062723c751e8b465ee728b)
Start importing Assets/Sprites/test sprite krastog.png using Guid(649168839d37de1499f65c3c7c3a4623) Importer(815301076,1909f56bfc062723c751e8b465ee728b)  -> (artifact id: '9a23349424bae914f94d9b56d3c027f7') in 0.015568 seconds 
  Import took 0.045137 seconds .

========================================================================
Received Import Request.
  Time since last request: 10.277046 seconds.
  path: Assets/Sprites/test sprite krastog.png
  artifactKey: Guid(649168839d37de1499f65c3c7c3a4623) Importer(815301076,1909f56bfc062723c751e8b465ee728b)
Start importing Assets/Sprites/test sprite krastog.png using Guid(649168839d37de1499f65c3c7c3a4623) Importer(815301076,1909f56bfc062723c751e8b465ee728b)  -> (artifact id: 'c987b5582f1e8845d6fee9f0ecda111c') in 0.015713 seconds 
  Import took 0.033049 seconds .

========================================================================
Received Import Request.
  Time since last request: 3.848496 seconds.
  path: Assets/Sprites/test sprite krastog.png
  artifactKey: Guid(649168839d37de1499f65c3c7c3a4623) Importer(815301076,1909f56bfc062723c751e8b465ee728b)
Start importing Assets/Sprites/test sprite krastog.png using Guid(649168839d37de1499f65c3c7c3a4623) Importer(815301076,1909f56bfc062723c751e8b465ee728b)  -> (artifact id: 'b976db810742e8d7807216383b3f0646') in 0.017995 seconds 
  Import took 0.045273 seconds .

========================================================================
Received Import Request.
  Time since last request: 29.884994 seconds.
  path: Assets/Sprites/test sprite krastog.png
  artifactKey: Guid(649168839d37de1499f65c3c7c3a4623) Importer(815301076,1909f56bfc062723c751e8b465ee728b)
Start importing Assets/Sprites/test sprite krastog.png using Guid(649168839d37de1499f65c3c7c3a4623) Importer(815301076,1909f56bfc062723c751e8b465ee728b)  -> (artifact id: '604f2a8bbe925720c9c62d591b419652') in 0.016928 seconds 
  Import took 0.028496 seconds .

========================================================================
Received Prepare
Registering precompiled user dll's ...
Registered in 0.023766 seconds.
Begin MonoManager ReloadAssembly
Native extension for WindowsStandalone target not found
Native extension for WebGL target not found
Refreshing native plugins compatible for Editor in 0.90 ms, found 7 plugins.
Preloading 0 native plugins for Editor in 0.00 ms.
Mono: successfully reloaded assembly
- Completed reload, in  1.211 seconds
Domain Reload Profiling:
	ReloadAssembly (1212ms)
		BeginReloadAssembly (137ms)
			ExecutionOrderSort (0ms)
			DisableScriptedObjects (5ms)
			BackupInstance (0ms)
			ReleaseScriptingObjects (0ms)
			CreateAndSetChildDomain (42ms)
		EndReloadAssembly (1025ms)
			LoadAssemblies (149ms)
			RebuildTransferFunctionScriptingTraits (0ms)
			SetupTypeCache (411ms)
			ReleaseScriptCaches (1ms)
			RebuildScriptCaches (47ms)
			SetupLoadedEditorAssemblies (338ms)
				LogAssemblyErrors (0ms)
				InitializePlatformSupportModulesInManaged (5ms)
				SetLoadedEditorAssemblies (1ms)
				RefreshPlugins (1ms)
				BeforeProcessingInitializeOnLoad (58ms)
				ProcessInitializeOnLoadAttributes (260ms)
				ProcessInitializeOnLoadMethodAttributes (9ms)
				AfterProcessingInitializeOnLoad (2ms)
				EditorAssembliesLoaded (0ms)
			ExecutionOrderSort2 (0ms)
			AwakeInstancesAfterBackupRestoration (7ms)
Platform modules already initialized, skipping
Refreshing native plugins compatible for Editor in 0.92 ms, found 7 plugins.
Preloading 0 native plugins for Editor in 0.00 ms.
Unloading 3761 Unused Serialized files (Serialized files now loaded: 0)
System memory in use before: 142.3 MB.
System memory in use after: 142.4 MB.

Unloading 75 unused Assets to reduce memory usage. Loaded Objects now: 4359.
Total: 3.466400 ms (FindLiveObjects: 0.266400 ms CreateObjectMapping: 0.184900 ms MarkObjects: 2.899100 ms  DeleteObjects: 0.114900 ms)

AssetImportParameters requested are different than current active one (requested -> active):
  custom:framework-win-MediaFoundation: 216162199b28c13a410421893ffa2e32 -> 
  custom:video-decoder-ogg-theora: a1e56fd34408186e4bbccfd4996cb3dc -> 
  custom:container-muxer-webm: aa71ff27fc2769a1b78a27578f13a17b -> 
  custom:container-demuxer-webm: 4f35f7cbe854078d1ac9338744f61a02 -> 
  custom:container-demuxer-ogg: 62fdf1f143b41e24485cea50d1cbac27 -> 
  custom:video-encoder-webm-vp8: eb34c28f22e8b96e1ab97ce403110664 -> 
  custom:video-codec-MediaFoundation-h265: 746d11721c4dcdbdad8f713fa42b33f4 -> 
  custom:video-decoder-webm-vp8: 9c59270c3fd7afecdb556c50c9e8de78 -> 
  custom:audio-decoder-ogg-vorbis: bf7c407c2cedff20999df2af8eb42d56 -> 
  custom:audio-encoder-webm-vorbis: bf7c407c2cedff20999df2af8eb42d56 -> 
========================================================================
Received Import Request.
  Time since last request: 92.990943 seconds.
  path: Packages/dev.yarnspinner.unity/Editor/Icons/YarnSpinnerNotTested.png
  artifactKey: Guid(9ce4f42ddeba844a487cedc0aaa2e793) Importer(815301076,1909f56bfc062723c751e8b465ee728b)
Start importing Packages/dev.yarnspinner.unity/Editor/Icons/YarnSpinnerNotTested.png using Guid(9ce4f42ddeba844a487cedc0aaa2e793) Importer(815301076,1909f56bfc062723c751e8b465ee728b)  -> (artifact id: '6b03529e88b565e6d3154cee69307405') in 0.080580 seconds 
  Import took 0.103241 seconds .

========================================================================
Received Prepare
Registering precompiled user dll's ...
Registered in 0.029328 seconds.
Begin MonoManager ReloadAssembly
Native extension for WindowsStandalone target not found
Native extension for WebGL target not found
Refreshing native plugins compatible for Editor in 0.93 ms, found 7 plugins.
Preloading 0 native plugins for Editor in 0.00 ms.
Mono: successfully reloaded assembly
- Completed reload, in  1.202 seconds
Domain Reload Profiling:
	ReloadAssembly (1203ms)
		BeginReloadAssembly (130ms)
			ExecutionOrderSort (0ms)
			DisableScriptedObjects (5ms)
			BackupInstance (0ms)
			ReleaseScriptingObjects (0ms)
			CreateAndSetChildDomain (41ms)
		EndReloadAssembly (1022ms)
			LoadAssemblies (162ms)
			RebuildTransferFunctionScriptingTraits (0ms)
			SetupTypeCache (404ms)
			ReleaseScriptCaches (1ms)
			RebuildScriptCaches (48ms)
			SetupLoadedEditorAssemblies (328ms)
				LogAssemblyErrors (0ms)
				InitializePlatformSupportModulesInManaged (5ms)
				SetLoadedEditorAssemblies (2ms)
				RefreshPlugins (1ms)
				BeforeProcessingInitializeOnLoad (60ms)
				ProcessInitializeOnLoadAttributes (249ms)
				ProcessInitializeOnLoadMethodAttributes (9ms)
				AfterProcessingInitializeOnLoad (2ms)
				EditorAssembliesLoaded (0ms)
			ExecutionOrderSort2 (0ms)
			AwakeInstancesAfterBackupRestoration (7ms)
Platform modules already initialized, skipping
Refreshing native plugins compatible for Editor in 1.02 ms, found 7 plugins.
Preloading 0 native plugins for Editor in 0.00 ms.
Unloading 3761 Unused Serialized files (Serialized files now loaded: 0)
System memory in use before: 142.4 MB.
System memory in use after: 142.5 MB.

Unloading 75 unused Assets to reduce memory usage. Loaded Objects now: 4364.
Total: 3.716900 ms (FindLiveObjects: 0.260400 ms CreateObjectMapping: 0.164100 ms MarkObjects: 3.134200 ms  DeleteObjects: 0.157300 ms)

AssetImportParameters requested are different than current active one (requested -> active):
  custom:framework-win-MediaFoundation: 216162199b28c13a410421893ffa2e32 -> 
  custom:video-decoder-ogg-theora: a1e56fd34408186e4bbccfd4996cb3dc -> 
  custom:container-muxer-webm: aa71ff27fc2769a1b78a27578f13a17b -> 
  custom:container-demuxer-webm: 4f35f7cbe854078d1ac9338744f61a02 -> 
  custom:container-demuxer-ogg: 62fdf1f143b41e24485cea50d1cbac27 -> 
  custom:video-encoder-webm-vp8: eb34c28f22e8b96e1ab97ce403110664 -> 
  custom:video-codec-MediaFoundation-h265: 746d11721c4dcdbdad8f713fa42b33f4 -> 
  custom:video-decoder-webm-vp8: 9c59270c3fd7afecdb556c50c9e8de78 -> 
  custom:audio-decoder-ogg-vorbis: bf7c407c2cedff20999df2af8eb42d56 -> 
  custom:audio-encoder-webm-vorbis: bf7c407c2cedff20999df2af8eb42d56 -> 
========================================================================
Received Prepare
Registering precompiled user dll's ...
Registered in 0.028204 seconds.
Begin MonoManager ReloadAssembly
Native extension for WindowsStandalone target not found
Native extension for WebGL target not found
Refreshing native plugins compatible for Editor in 0.89 ms, found 7 plugins.
Preloading 0 native plugins for Editor in 0.00 ms.
Mono: successfully reloaded assembly
- Completed reload, in  1.234 seconds
Domain Reload Profiling:
	ReloadAssembly (1234ms)
		BeginReloadAssembly (136ms)
			ExecutionOrderSort (0ms)
			DisableScriptedObjects (6ms)
			BackupInstance (0ms)
			ReleaseScriptingObjects (0ms)
			CreateAndSetChildDomain (42ms)
		EndReloadAssembly (1047ms)
			LoadAssemblies (161ms)
			RebuildTransferFunctionScriptingTraits (0ms)
			SetupTypeCache (426ms)
			ReleaseScriptCaches (1ms)
			RebuildScriptCaches (48ms)
			SetupLoadedEditorAssemblies (335ms)
				LogAssemblyErrors (0ms)
				InitializePlatformSupportModulesInManaged (5ms)
				SetLoadedEditorAssemblies (0ms)
				RefreshPlugins (1ms)
				BeforeProcessingInitializeOnLoad (63ms)
				ProcessInitializeOnLoadAttributes (253ms)
				ProcessInitializeOnLoadMethodAttributes (10ms)
				AfterProcessingInitializeOnLoad (2ms)
				EditorAssembliesLoaded (0ms)
			ExecutionOrderSort2 (0ms)
			AwakeInstancesAfterBackupRestoration (7ms)
Platform modules already initialized, skipping
Refreshing native plugins compatible for Editor in 0.93 ms, found 7 plugins.
Preloading 0 native plugins for Editor in 0.00 ms.
Unloading 3761 Unused Serialized files (Serialized files now loaded: 0)
System memory in use before: 142.4 MB.
System memory in use after: 142.5 MB.

Unloading 75 unused Assets to reduce memory usage. Loaded Objects now: 4366.
Total: 3.365400 ms (FindLiveObjects: 0.271700 ms CreateObjectMapping: 0.172100 ms MarkObjects: 2.762000 ms  DeleteObjects: 0.158800 ms)

AssetImportParameters requested are different than current active one (requested -> active):
  custom:framework-win-MediaFoundation: 216162199b28c13a410421893ffa2e32 -> 
  custom:video-decoder-ogg-theora: a1e56fd34408186e4bbccfd4996cb3dc -> 
  custom:container-muxer-webm: aa71ff27fc2769a1b78a27578f13a17b -> 
  custom:container-demuxer-webm: 4f35f7cbe854078d1ac9338744f61a02 -> 
  custom:container-demuxer-ogg: 62fdf1f143b41e24485cea50d1cbac27 -> 
  custom:video-encoder-webm-vp8: eb34c28f22e8b96e1ab97ce403110664 -> 
  custom:video-codec-MediaFoundation-h265: 746d11721c4dcdbdad8f713fa42b33f4 -> 
  custom:video-decoder-webm-vp8: 9c59270c3fd7afecdb556c50c9e8de78 -> 
  custom:audio-decoder-ogg-vorbis: bf7c407c2cedff20999df2af8eb42d56 -> 
  custom:audio-encoder-webm-vorbis: bf7c407c2cedff20999df2af8eb42d56 -> 
========================================================================
Received Prepare
Registering precompiled user dll's ...
Registered in 0.029627 seconds.
Begin MonoManager ReloadAssembly
Native extension for WindowsStandalone target not found
Native extension for WebGL target not found
Refreshing native plugins compatible for Editor in 1.44 ms, found 7 plugins.
Preloading 0 native plugins for Editor in 0.00 ms.
Mono: successfully reloaded assembly
- Completed reload, in  1.238 seconds
Domain Reload Profiling:
	ReloadAssembly (1238ms)
		BeginReloadAssembly (149ms)
			ExecutionOrderSort (0ms)
			DisableScriptedObjects (6ms)
			BackupInstance (0ms)
			ReleaseScriptingObjects (0ms)
			CreateAndSetChildDomain (46ms)
		EndReloadAssembly (1037ms)
			LoadAssemblies (156ms)
			RebuildTransferFunctionScriptingTraits (0ms)
			SetupTypeCache (402ms)
			ReleaseScriptCaches (1ms)
			RebuildScriptCaches (49ms)
			SetupLoadedEditorAssemblies (343ms)
				LogAssemblyErrors (0ms)
				InitializePlatformSupportModulesInManaged (5ms)
				SetLoadedEditorAssemblies (0ms)
				RefreshPlugins (2ms)
				BeforeProcessingInitializeOnLoad (61ms)
				ProcessInitializeOnLoadAttributes (261ms)
				ProcessInitializeOnLoadMethodAttributes (11ms)
				AfterProcessingInitializeOnLoad (2ms)
				EditorAssembliesLoaded (0ms)
			ExecutionOrderSort2 (0ms)
			AwakeInstancesAfterBackupRestoration (8ms)
Platform modules already initialized, skipping
Refreshing native plugins compatible for Editor in 0.98 ms, found 7 plugins.
Preloading 0 native plugins for Editor in 0.00 ms.
Unloading 3761 Unused Serialized files (Serialized files now loaded: 0)
System memory in use before: 142.5 MB.
System memory in use after: 142.5 MB.

Unloading 75 unused Assets to reduce memory usage. Loaded Objects now: 4368.
Total: 4.483200 ms (FindLiveObjects: 0.380500 ms CreateObjectMapping: 1.133100 ms MarkObjects: 2.804900 ms  DeleteObjects: 0.163800 ms)

AssetImportParameters requested are different than current active one (requested -> active):
  custom:framework-win-MediaFoundation: 216162199b28c13a410421893ffa2e32 -> 
  custom:video-decoder-ogg-theora: a1e56fd34408186e4bbccfd4996cb3dc -> 
  custom:container-muxer-webm: aa71ff27fc2769a1b78a27578f13a17b -> 
  custom:container-demuxer-webm: 4f35f7cbe854078d1ac9338744f61a02 -> 
  custom:container-demuxer-ogg: 62fdf1f143b41e24485cea50d1cbac27 -> 
  custom:video-encoder-webm-vp8: eb34c28f22e8b96e1ab97ce403110664 -> 
  custom:video-codec-MediaFoundation-h265: 746d11721c4dcdbdad8f713fa42b33f4 -> 
  custom:video-decoder-webm-vp8: 9c59270c3fd7afecdb556c50c9e8de78 -> 
  custom:audio-decoder-ogg-vorbis: bf7c407c2cedff20999df2af8eb42d56 -> 
  custom:audio-encoder-webm-vorbis: bf7c407c2cedff20999df2af8eb42d56 -> 
========================================================================
Received Prepare
Registering precompiled user dll's ...
Registered in 0.024837 seconds.
Begin MonoManager ReloadAssembly
Native extension for WindowsStandalone target not found
Native extension for WebGL target not found
Refreshing native plugins compatible for Editor in 1.13 ms, found 7 plugins.
Preloading 0 native plugins for Editor in 0.00 ms.
Mono: successfully reloaded assembly
- Completed reload, in  1.446 seconds
Domain Reload Profiling:
	ReloadAssembly (1446ms)
		BeginReloadAssembly (147ms)
			ExecutionOrderSort (0ms)
			DisableScriptedObjects (6ms)
			BackupInstance (0ms)
			ReleaseScriptingObjects (0ms)
			CreateAndSetChildDomain (48ms)
		EndReloadAssembly (1244ms)
			LoadAssemblies (156ms)
			RebuildTransferFunctionScriptingTraits (0ms)
			SetupTypeCache (452ms)
			ReleaseScriptCaches (5ms)
			RebuildScriptCaches (74ms)
			SetupLoadedEditorAssemblies (382ms)
				LogAssemblyErrors (0ms)
				InitializePlatformSupportModulesInManaged (5ms)
				SetLoadedEditorAssemblies (0ms)
				RefreshPlugins (1ms)
				BeforeProcessingInitializeOnLoad (71ms)
				ProcessInitializeOnLoadAttributes (287ms)
				ProcessInitializeOnLoadMethodAttributes (14ms)
				AfterProcessingInitializeOnLoad (3ms)
				EditorAssembliesLoaded (1ms)
			ExecutionOrderSort2 (0ms)
			AwakeInstancesAfterBackupRestoration (9ms)
Platform modules already initialized, skipping
Refreshing native plugins compatible for Editor in 0.92 ms, found 7 plugins.
Preloading 0 native plugins for Editor in 0.00 ms.
Unloading 3761 Unused Serialized files (Serialized files now loaded: 0)
System memory in use before: 142.5 MB.
System memory in use after: 142.5 MB.

Unloading 75 unused Assets to reduce memory usage. Loaded Objects now: 4370.
Total: 3.272300 ms (FindLiveObjects: 0.341700 ms CreateObjectMapping: 0.187300 ms MarkObjects: 2.605300 ms  DeleteObjects: 0.136900 ms)

AssetImportParameters requested are different than current active one (requested -> active):
  custom:framework-win-MediaFoundation: 216162199b28c13a410421893ffa2e32 -> 
  custom:video-decoder-ogg-theora: a1e56fd34408186e4bbccfd4996cb3dc -> 
  custom:container-muxer-webm: aa71ff27fc2769a1b78a27578f13a17b -> 
  custom:container-demuxer-webm: 4f35f7cbe854078d1ac9338744f61a02 -> 
  custom:container-demuxer-ogg: 62fdf1f143b41e24485cea50d1cbac27 -> 
  custom:video-encoder-webm-vp8: eb34c28f22e8b96e1ab97ce403110664 -> 
  custom:video-codec-MediaFoundation-h265: 746d11721c4dcdbdad8f713fa42b33f4 -> 
  custom:video-decoder-webm-vp8: 9c59270c3fd7afecdb556c50c9e8de78 -> 
  custom:audio-decoder-ogg-vorbis: bf7c407c2cedff20999df2af8eb42d56 -> 
  custom:audio-encoder-webm-vorbis: bf7c407c2cedff20999df2af8eb42d56 -> 
========================================================================
Received Import Request.
  Time since last request: 404.314635 seconds.
  path: Assets/Sprites
  artifactKey: Guid(b7ba908074730224cbe808d7249985a8) Importer(815301076,1909f56bfc062723c751e8b465ee728b)
Start importing Assets/Sprites using Guid(b7ba908074730224cbe808d7249985a8) Importer(815301076,1909f56bfc062723c751e8b465ee728b)  -> (artifact id: '743ffb5289e22915752dc72396c6f970') in 0.008926 seconds 
  Import took 0.030589 seconds .

========================================================================
Received Import Request.
  Time since last request: 6.973071 seconds.
  path: Assets/Sprites/Old Dialogue Boxes
  artifactKey: Guid(8e6873419713e8d4282753177d90035d) Importer(815301076,1909f56bfc062723c751e8b465ee728b)
Start importing Assets/Sprites/Old Dialogue Boxes using Guid(8e6873419713e8d4282753177d90035d) Importer(815301076,1909f56bfc062723c751e8b465ee728b)  -> (artifact id: 'e968ab70bc32f5c49bee890c0ed8476b') in 0.003803 seconds 
  Import took 0.040111 seconds .

========================================================================
Received Import Request.
  Time since last request: 7.643819 seconds.
  path: Assets/Sprites/Advorga Logo.clip
  artifactKey: Guid(d5e51c7a1e9bfd043a8f317f5cd6f8be) Importer(815301076,1909f56bfc062723c751e8b465ee728b)
Start importing Assets/Sprites/Advorga Logo.clip using Guid(d5e51c7a1e9bfd043a8f317f5cd6f8be) Importer(815301076,1909f56bfc062723c751e8b465ee728b)  -> (artifact id: '6f0264b4e83ac6f5cf27e02ad9f5581a') in 0.016413 seconds 
  Import took 0.040845 seconds .

========================================================================
Received Import Request.
  Time since last request: 1.318290 seconds.
  path: Assets/Sprites/Advorga Logo 2.clip
  artifactKey: Guid(d165bc5758ec5894bb14f8813d8d0eff) Importer(815301076,1909f56bfc062723c751e8b465ee728b)
Start importing Assets/Sprites/Advorga Logo 2.clip using Guid(d165bc5758ec5894bb14f8813d8d0eff) Importer(815301076,1909f56bfc062723c751e8b465ee728b)  -> (artifact id: 'd95153c96292488cc58125b199ee136f') in 0.005209 seconds 
  Import took 0.018942 seconds .

AssetImportWorkerClient::OnTransportError - code=2 error=End of file
