Using pre-set license
Built from '2020.3/release' branch; Version is '2020.3.27f1 (e759542391ea) revision 15161684'; Using compiler version '192528614'; Build Type 'Release'
OS: 'Windows 10  (10.0.19043) 64bit Core' Language: 'en' Physical Memory: 16318 MB
BatchMode: 1, IsHumanControllingUs: 0, StartBugReporterOnCrash: 0, Is64bit: 1, IsPro: 0

COMMAND LINE ARGUMENTS:
D:\2020.3.27f1\Editor\Unity.exe
-adb2
-batchMode
-noUpm
-name
AssetImportWorker0
-projectPath
D:/Unity Projects/Henchfolk/Henchfolk (Unity)
-logFile
Logs/AssetImportWorker0.log
-srvPort
56359
Successfully changed project path to: D:/Unity Projects/Henchfolk/Henchfolk (Unity)
D:/Unity Projects/Henchfolk/Henchfolk (Unity)
Using Asset Import Pipeline V2.
Refreshing native plugins compatible for Editor in 80.68 ms, found 7 plugins.
Preloading 0 native plugins for Editor in 0.00 ms.
Initialize engine version: 2020.3.27f1 (e759542391ea)
[Subsystems] Discovering subsystems at path D:/2020.3.27f1/Editor/Data/Resources/UnitySubsystems
[Subsystems] Discovering subsystems at path D:/Unity Projects/Henchfolk/Henchfolk (Unity)/Assets
GfxDevice: creating device client; threaded=0
Direct3D:
    Version:  Direct3D 11.0 [level 11.1]
    Renderer: NVIDIA GeForce GTX 1070 (ID=0x1b81)
    Vendor:   
    VRAM:     8088 MB
    Driver:   27.21.14.6109
Initialize mono
Mono path[0] = 'D:/2020.3.27f1/Editor/Data/Managed'
Mono path[1] = 'D:/2020.3.27f1/Editor/Data/MonoBleedingEdge/lib/mono/unityjit'
Mono config path = 'D:/2020.3.27f1/Editor/Data/MonoBleedingEdge/etc'
Using monoOptions --debugger-agent=transport=dt_socket,embedding=1,server=y,suspend=n,address=127.0.0.1:56404
Begin MonoManager ReloadAssembly
Registering precompiled unity dll's ...
Register platform support module: D:/2020.3.27f1/Editor/Data/PlaybackEngines/WebGLSupport/UnityEditor.WebGL.Extensions.dll
Register platform support module: D:/2020.3.27f1/Editor/Data/PlaybackEngines/WindowsStandaloneSupport/UnityEditor.WindowsStandalone.Extensions.dll
Registered in 0.063757 seconds.
Native extension for WindowsStandalone target not found
Native extension for WebGL target not found
Refreshing native plugins compatible for Editor in 70.16 ms, found 7 plugins.
Preloading 0 native plugins for Editor in 0.00 ms.
Mono: successfully reloaded assembly
- Completed reload, in  1.064 seconds
Domain Reload Profiling:
	ReloadAssembly (1064ms)
		BeginReloadAssembly (403ms)
			ExecutionOrderSort (0ms)
			DisableScriptedObjects (0ms)
			BackupInstance (0ms)
			ReleaseScriptingObjects (0ms)
			CreateAndSetChildDomain (1ms)
		EndReloadAssembly (528ms)
			LoadAssemblies (404ms)
			RebuildTransferFunctionScriptingTraits (0ms)
			SetupTypeCache (165ms)
			ReleaseScriptCaches (0ms)
			RebuildScriptCaches (28ms)
			SetupLoadedEditorAssemblies (217ms)
				LogAssemblyErrors (0ms)
				InitializePlatformSupportModulesInManaged (5ms)
				SetLoadedEditorAssemblies (0ms)
				RefreshPlugins (70ms)
				BeforeProcessingInitializeOnLoad (11ms)
				ProcessInitializeOnLoadAttributes (103ms)
				ProcessInitializeOnLoadMethodAttributes (28ms)
				AfterProcessingInitializeOnLoad (0ms)
				EditorAssembliesLoaded (0ms)
			ExecutionOrderSort2 (0ms)
			AwakeInstancesAfterBackupRestoration (0ms)
Platform modules already initialized, skipping
Registering precompiled user dll's ...
Registered in 0.289272 seconds.
Begin MonoManager ReloadAssembly
Native extension for WindowsStandalone target not found
Native extension for WebGL target not found
Refreshing native plugins compatible for Editor in 64.43 ms, found 7 plugins.
Preloading 0 native plugins for Editor in 0.00 ms.
Mono: successfully reloaded assembly
- Completed reload, in  2.227 seconds
Domain Reload Profiling:
	ReloadAssembly (2228ms)
		BeginReloadAssembly (174ms)
			ExecutionOrderSort (0ms)
			DisableScriptedObjects (4ms)
			BackupInstance (0ms)
			ReleaseScriptingObjects (0ms)
			CreateAndSetChildDomain (19ms)
		EndReloadAssembly (1996ms)
			LoadAssemblies (881ms)
			RebuildTransferFunctionScriptingTraits (0ms)
			SetupTypeCache (439ms)
			ReleaseScriptCaches (1ms)
			RebuildScriptCaches (66ms)
			SetupLoadedEditorAssemblies (511ms)
				LogAssemblyErrors (0ms)
				InitializePlatformSupportModulesInManaged (4ms)
				SetLoadedEditorAssemblies (0ms)
				RefreshPlugins (65ms)
				BeforeProcessingInitializeOnLoad (78ms)
				ProcessInitializeOnLoadAttributes (298ms)
				ProcessInitializeOnLoadMethodAttributes (63ms)
				AfterProcessingInitializeOnLoad (2ms)
				EditorAssembliesLoaded (0ms)
			ExecutionOrderSort2 (0ms)
			AwakeInstancesAfterBackupRestoration (4ms)
Platform modules already initialized, skipping
========================================================================
Worker process is ready to serve import requests
Launched and connected shader compiler UnityShaderCompiler.exe after 0.18 seconds
Refreshing native plugins compatible for Editor in 1.29 ms, found 7 plugins.
Preloading 0 native plugins for Editor in 0.00 ms.
Unloading 3775 Unused Serialized files (Serialized files now loaded: 0)
System memory in use before: 140.1 MB.
System memory in use after: 140.1 MB.

Unloading 86 unused Assets to reduce memory usage. Loaded Objects now: 4351.
Total: 3.819900 ms (FindLiveObjects: 0.284200 ms CreateObjectMapping: 0.195100 ms MarkObjects: 3.158600 ms  DeleteObjects: 0.180800 ms)

AssetImportParameters requested are different than current active one (requested -> active):
  custom:framework-win-MediaFoundation: 216162199b28c13a410421893ffa2e32 -> 
  custom:video-decoder-ogg-theora: a1e56fd34408186e4bbccfd4996cb3dc -> 
  custom:container-muxer-webm: aa71ff27fc2769a1b78a27578f13a17b -> 
  custom:container-demuxer-webm: 4f35f7cbe854078d1ac9338744f61a02 -> 
  custom:container-demuxer-ogg: 62fdf1f143b41e24485cea50d1cbac27 -> 
  custom:video-encoder-webm-vp8: eb34c28f22e8b96e1ab97ce403110664 -> 
  custom:video-codec-MediaFoundation-h265: 746d11721c4dcdbdad8f713fa42b33f4 -> 
  custom:video-decoder-webm-vp8: 9c59270c3fd7afecdb556c50c9e8de78 -> 
  custom:audio-decoder-ogg-vorbis: bf7c407c2cedff20999df2af8eb42d56 -> 
  custom:audio-encoder-webm-vorbis: bf7c407c2cedff20999df2af8eb42d56 -> 
========================================================================
Received Import Request.
  path: Assets/Sprites/Tileset 1.png
  artifactKey: Guid(ce5c738f9250af64a83fbbb16cab5152) Importer(815301076,1909f56bfc062723c751e8b465ee728b)
Start importing Assets/Sprites/Tileset 1.png using Guid(ce5c738f9250af64a83fbbb16cab5152) Importer(815301076,1909f56bfc062723c751e8b465ee728b)  -> (artifact id: 'b06d50a841a79513bb242ec80cf73467') in 0.339831 seconds 
  Import took 0.362966 seconds .

========================================================================
Received Import Request.
  Time since last request: 112.231098 seconds.
  path: Assets/Sprites/Tileset 1.png
  artifactKey: Guid(ce5c738f9250af64a83fbbb16cab5152) Importer(815301076,1909f56bfc062723c751e8b465ee728b)
Start importing Assets/Sprites/Tileset 1.png using Guid(ce5c738f9250af64a83fbbb16cab5152) Importer(815301076,1909f56bfc062723c751e8b465ee728b)  -> (artifact id: 'd33b6a6a3646cdb8f11ce9ed0a08e53f') in 0.072648 seconds 
  Import took 0.117648 seconds .

========================================================================
Received Import Request.
  Time since last request: 189.230753 seconds.
  path: Assets/Sprites/Tileset 1.png
  artifactKey: Guid(ce5c738f9250af64a83fbbb16cab5152) Importer(815301076,1909f56bfc062723c751e8b465ee728b)
Start importing Assets/Sprites/Tileset 1.png using Guid(ce5c738f9250af64a83fbbb16cab5152) Importer(815301076,1909f56bfc062723c751e8b465ee728b)  -> (artifact id: '6d68d07cdf5c8ca1de15b1dda8522bed') in 0.041034 seconds 
  Import took 0.083796 seconds .

========================================================================
Received Import Request.
  Time since last request: 289.374941 seconds.
  path: Assets/Sprites/Tileset 1.png
  artifactKey: Guid(ce5c738f9250af64a83fbbb16cab5152) Importer(815301076,1909f56bfc062723c751e8b465ee728b)
Start importing Assets/Sprites/Tileset 1.png using Guid(ce5c738f9250af64a83fbbb16cab5152) Importer(815301076,1909f56bfc062723c751e8b465ee728b)  -> (artifact id: '6a13cb9885b793b3794a7f6db090ba47') in 0.032458 seconds 
  Import took 0.057939 seconds .

========================================================================
Received Import Request.
  Time since last request: 8.841614 seconds.
  path: Assets/Sprites/Tileset 1.png
  artifactKey: Guid(ce5c738f9250af64a83fbbb16cab5152) Importer(815301076,1909f56bfc062723c751e8b465ee728b)
Start importing Assets/Sprites/Tileset 1.png using Guid(ce5c738f9250af64a83fbbb16cab5152) Importer(815301076,1909f56bfc062723c751e8b465ee728b)  -> (artifact id: '494d8dde3b60c7f36d39d2d362bdc18d') in 0.043164 seconds 
  Import took 0.070917 seconds .

========================================================================
Received Import Request.
  Time since last request: 11.725249 seconds.
  path: Assets/Sprites/Tileset 1.png
  artifactKey: Guid(ce5c738f9250af64a83fbbb16cab5152) Importer(815301076,1909f56bfc062723c751e8b465ee728b)
Start importing Assets/Sprites/Tileset 1.png using Guid(ce5c738f9250af64a83fbbb16cab5152) Importer(815301076,1909f56bfc062723c751e8b465ee728b)  -> (artifact id: '557f072cced2cc3c5e7c6ca2a4a4f801') in 0.028964 seconds 
  Import took 0.055517 seconds .

========================================================================
Received Import Request.
  Time since last request: 6.656283 seconds.
  path: Assets/Sprites/Tileset 1.png
  artifactKey: Guid(ce5c738f9250af64a83fbbb16cab5152) Importer(815301076,1909f56bfc062723c751e8b465ee728b)
Start importing Assets/Sprites/Tileset 1.png using Guid(ce5c738f9250af64a83fbbb16cab5152) Importer(815301076,1909f56bfc062723c751e8b465ee728b)  -> (artifact id: '4df7c6f648194e8995727e2d50d56842') in 0.027926 seconds 
  Import took 0.062423 seconds .

========================================================================
Received Import Request.
  Time since last request: 312.786211 seconds.
  path: Assets/Sprites/Tileset 1.png
  artifactKey: Guid(ce5c738f9250af64a83fbbb16cab5152) Importer(815301076,1909f56bfc062723c751e8b465ee728b)
Start importing Assets/Sprites/Tileset 1.png using Guid(ce5c738f9250af64a83fbbb16cab5152) Importer(815301076,1909f56bfc062723c751e8b465ee728b)  -> (artifact id: 'b9933292a0b67e60563cc4820374855e') in 0.056830 seconds 
  Import took 0.066671 seconds .

========================================================================
Received Import Request.
  Time since last request: 60.451031 seconds.
  path: Assets/Sprites/Tileset 1.png
  artifactKey: Guid(ce5c738f9250af64a83fbbb16cab5152) Importer(815301076,1909f56bfc062723c751e8b465ee728b)
Start importing Assets/Sprites/Tileset 1.png using Guid(ce5c738f9250af64a83fbbb16cab5152) Importer(815301076,1909f56bfc062723c751e8b465ee728b)  -> (artifact id: '024c13e54ff598fbaafb841dac95364f') in 0.062827 seconds 
  Import took 0.087218 seconds .

========================================================================
Received Import Request.
  Time since last request: 67.653343 seconds.
  path: Assets/Sprites/Tileset 1.png
  artifactKey: Guid(ce5c738f9250af64a83fbbb16cab5152) Importer(815301076,1909f56bfc062723c751e8b465ee728b)
Start importing Assets/Sprites/Tileset 1.png using Guid(ce5c738f9250af64a83fbbb16cab5152) Importer(815301076,1909f56bfc062723c751e8b465ee728b)  -> (artifact id: '7d7b3eb96ed31f0531a2be75c20365a0') in 0.032113 seconds 
  Import took 0.047749 seconds .

========================================================================
Received Import Request.
  Time since last request: 97.712455 seconds.
  path: Assets/Sprites/Tileset 1.png
  artifactKey: Guid(ce5c738f9250af64a83fbbb16cab5152) Importer(815301076,1909f56bfc062723c751e8b465ee728b)
Start importing Assets/Sprites/Tileset 1.png using Guid(ce5c738f9250af64a83fbbb16cab5152) Importer(815301076,1909f56bfc062723c751e8b465ee728b)  -> (artifact id: '1e1b72a25163601dadb3efb208357f19') in 0.027727 seconds 
  Import took 0.050849 seconds .

========================================================================
Received Import Request.
  Time since last request: 22.949734 seconds.
  path: Assets/Sprites/Tileset 1.png
  artifactKey: Guid(ce5c738f9250af64a83fbbb16cab5152) Importer(815301076,1909f56bfc062723c751e8b465ee728b)
Start importing Assets/Sprites/Tileset 1.png using Guid(ce5c738f9250af64a83fbbb16cab5152) Importer(815301076,1909f56bfc062723c751e8b465ee728b)  -> (artifact id: '17d433b1a95245a0d2c8314b81ef1511') in 0.023907 seconds 
  Import took 0.049894 seconds .

========================================================================
Received Prepare
Registering precompiled user dll's ...
Registered in 0.024324 seconds.
Begin MonoManager ReloadAssembly
Native extension for WindowsStandalone target not found
Native extension for WebGL target not found
Refreshing native plugins compatible for Editor in 0.91 ms, found 7 plugins.
Preloading 0 native plugins for Editor in 0.00 ms.
Mono: successfully reloaded assembly
- Completed reload, in  1.219 seconds
Domain Reload Profiling:
	ReloadAssembly (1219ms)
		BeginReloadAssembly (142ms)
			ExecutionOrderSort (0ms)
			DisableScriptedObjects (6ms)
			BackupInstance (0ms)
			ReleaseScriptingObjects (0ms)
			CreateAndSetChildDomain (44ms)
		EndReloadAssembly (1020ms)
			LoadAssemblies (152ms)
			RebuildTransferFunctionScriptingTraits (0ms)
			SetupTypeCache (414ms)
			ReleaseScriptCaches (1ms)
			RebuildScriptCaches (50ms)
			SetupLoadedEditorAssemblies (327ms)
				LogAssemblyErrors (0ms)
				InitializePlatformSupportModulesInManaged (5ms)
				SetLoadedEditorAssemblies (1ms)
				RefreshPlugins (1ms)
				BeforeProcessingInitializeOnLoad (60ms)
				ProcessInitializeOnLoadAttributes (249ms)
				ProcessInitializeOnLoadMethodAttributes (9ms)
				AfterProcessingInitializeOnLoad (2ms)
				EditorAssembliesLoaded (0ms)
			ExecutionOrderSort2 (0ms)
			AwakeInstancesAfterBackupRestoration (7ms)
Platform modules already initialized, skipping
Refreshing native plugins compatible for Editor in 1.08 ms, found 7 plugins.
Preloading 0 native plugins for Editor in 0.00 ms.
Unloading 3761 Unused Serialized files (Serialized files now loaded: 0)
System memory in use before: 142.3 MB.
System memory in use after: 142.4 MB.

Unloading 75 unused Assets to reduce memory usage. Loaded Objects now: 4363.
Total: 4.395000 ms (FindLiveObjects: 0.275800 ms CreateObjectMapping: 0.188200 ms MarkObjects: 3.800900 ms  DeleteObjects: 0.129000 ms)

AssetImportParameters requested are different than current active one (requested -> active):
  custom:framework-win-MediaFoundation: 216162199b28c13a410421893ffa2e32 -> 
  custom:video-decoder-ogg-theora: a1e56fd34408186e4bbccfd4996cb3dc -> 
  custom:container-muxer-webm: aa71ff27fc2769a1b78a27578f13a17b -> 
  custom:container-demuxer-webm: 4f35f7cbe854078d1ac9338744f61a02 -> 
  custom:container-demuxer-ogg: 62fdf1f143b41e24485cea50d1cbac27 -> 
  custom:video-encoder-webm-vp8: eb34c28f22e8b96e1ab97ce403110664 -> 
  custom:video-codec-MediaFoundation-h265: 746d11721c4dcdbdad8f713fa42b33f4 -> 
  custom:video-decoder-webm-vp8: 9c59270c3fd7afecdb556c50c9e8de78 -> 
  custom:audio-decoder-ogg-vorbis: bf7c407c2cedff20999df2af8eb42d56 -> 
  custom:audio-encoder-webm-vorbis: bf7c407c2cedff20999df2af8eb42d56 -> 
========================================================================
Received Import Request.
  Time since last request: 277.415351 seconds.
  path: Assets/Sprites/Tileset 1.png
  artifactKey: Guid(ce5c738f9250af64a83fbbb16cab5152) Importer(815301076,1909f56bfc062723c751e8b465ee728b)
Start importing Assets/Sprites/Tileset 1.png using Guid(ce5c738f9250af64a83fbbb16cab5152) Importer(815301076,1909f56bfc062723c751e8b465ee728b)  -> (artifact id: '70de855d71a2ee345afc10612146149e') in 0.493523 seconds 
  Import took 0.526741 seconds .

========================================================================
Received Import Request.
  Time since last request: 1944.736785 seconds.
  path: Assets/Sprites/Tileset 1.png
  artifactKey: Guid(ce5c738f9250af64a83fbbb16cab5152) Importer(815301076,1909f56bfc062723c751e8b465ee728b)
Start importing Assets/Sprites/Tileset 1.png using Guid(ce5c738f9250af64a83fbbb16cab5152) Importer(815301076,1909f56bfc062723c751e8b465ee728b)  -> (artifact id: '89cb6022bbca655ff54a54f9af0f9283') in 0.096899 seconds 
  Import took 0.153019 seconds .

========================================================================
Received Import Request.
  Time since last request: 12.978349 seconds.
  path: Assets/Sprites/Tileset 1.png
  artifactKey: Guid(ce5c738f9250af64a83fbbb16cab5152) Importer(815301076,1909f56bfc062723c751e8b465ee728b)
Start importing Assets/Sprites/Tileset 1.png using Guid(ce5c738f9250af64a83fbbb16cab5152) Importer(815301076,1909f56bfc062723c751e8b465ee728b)  -> (artifact id: '5db8446f7ac9a31fecfdf6d478633fb7') in 0.048491 seconds 
  Import took 0.079955 seconds .

========================================================================
Received Import Request.
  Time since last request: 17.265542 seconds.
  path: Assets/Sprites/Tileset 1.png
  artifactKey: Guid(ce5c738f9250af64a83fbbb16cab5152) Importer(815301076,1909f56bfc062723c751e8b465ee728b)
Start importing Assets/Sprites/Tileset 1.png using Guid(ce5c738f9250af64a83fbbb16cab5152) Importer(815301076,1909f56bfc062723c751e8b465ee728b)  -> (artifact id: 'ae188bff94f3846f9bf26ec589b9ca0d') in 0.028212 seconds 
  Import took 0.045699 seconds .

========================================================================
Received Import Request.
  Time since last request: 56.332377 seconds.
  path: Assets/Sprites/Tileset 1.png
  artifactKey: Guid(ce5c738f9250af64a83fbbb16cab5152) Importer(815301076,1909f56bfc062723c751e8b465ee728b)
Start importing Assets/Sprites/Tileset 1.png using Guid(ce5c738f9250af64a83fbbb16cab5152) Importer(815301076,1909f56bfc062723c751e8b465ee728b)  -> (artifact id: 'b26cc5f5ecdad9ac32a81e5903067df3') in 0.060262 seconds 
  Import took 0.093428 seconds .

========================================================================
Received Import Request.
  Time since last request: 49.797514 seconds.
  path: Assets/Sprites/Tileset 1.png
  artifactKey: Guid(ce5c738f9250af64a83fbbb16cab5152) Importer(815301076,1909f56bfc062723c751e8b465ee728b)
Start importing Assets/Sprites/Tileset 1.png using Guid(ce5c738f9250af64a83fbbb16cab5152) Importer(815301076,1909f56bfc062723c751e8b465ee728b)  -> (artifact id: 'ea115fd88e87ea0941e622807b491aa3') in 0.780537 seconds 
  Import took 0.811963 seconds .

AssetImportWorkerClient::OnTransportError - code=2 error=End of file
